# JRE version: Java(TM) SE Runtime Environment (7.0_55-b13) (build 1.7.0_55-b13)
# Java VM: Java HotSpot(TM) 64-Bit Server VM (24.55-b03 mixed mode windows-amd64 compressed oops)
Heap
 PSYoungGen      total 62464K, used 23942K [0x00000007d5c80000, 0x00000007ddb00000, 0x0000000800000000)
  eden space 57856K, 34% used [0x00000007d5c80000,0x00000007d6fdb348,0x00000007d9500000)
  from space 4608K, 89% used [0x00000007dd680000,0x00000007dda86630,0x00000007ddb00000)
  to   space 8704K, 0% used [0x00000007dca00000,0x00000007dca00000,0x00000007dd280000)
 ParOldGen       total 86016K, used 13744K [0x0000000781600000, 0x0000000786a00000, 0x00000007d5c80000)
  object space 86016K, 15% used [0x0000000781600000,0x000000078236c298,0x0000000786a00000)
 PSPermGen       total 21504K, used 20325K [0x000000077c400000, 0x000000077d900000, 0x0000000781600000)
  object space 21504K, 94% used [0x000000077c400000,0x000000077d7d9538,0x000000077d900000)
GC Heap History (10 events):
Event: 10.353 GC heap before
{Heap before GC invocations=6 (full 0):
 PSYoungGen      total 71680K, used 71589K [0x00000007d5c80000, 0x00000007def80000, 0x0000000800000000)
  eden space 66560K, 99% used [0x00000007d5c80000,0x00000007d9d6fe40,0x00000007d9d80000)
  from space 5120K, 99% used [0x00000007d9d80000,0x00000007da279650,0x00000007da280000)
  to   space 8704K, 0% used [0x00000007de700000,0x00000007de700000,0x00000007def80000)
 ParOldGen       total 86016K, used 6633K [0x0000000781600000, 0x0000000786a00000, 0x00000007d5c80000)
  object space 86016K, 7% used [0x0000000781600000,0x0000000781c7a740,0x0000000786a00000)
 PSPermGen       total 21504K, used 18646K [0x000000077c400000, 0x000000077d900000, 0x0000000781600000)
  object space 21504K, 86% used [0x000000077c400000,0x000000077d635a88,0x000000077d900000)
Event: 10.361 GC heap after
Heap after GC invocations=6 (full 0):
 PSYoungGen      total 70144K, used 5349K [0x00000007d5c80000, 0x00000007dec80000, 0x0000000800000000)
  eden space 64512K, 0% used [0x00000007d5c80000,0x00000007d5c80000,0x00000007d9b80000)
  from space 5632K, 94% used [0x00000007de700000,0x00000007dec39650,0x00000007dec80000)
  to   space 8704K, 0% used [0x00000007ddb80000,0x00000007ddb80000,0x00000007de400000)
 ParOldGen       total 86016K, used 6633K [0x0000000781600000, 0x0000000786a00000, 0x00000007d5c80000)
  object space 86016K, 7% used [0x0000000781600000,0x0000000781c7a740,0x0000000786a00000)
 PSPermGen       total 21504K, used 18646K [0x000000077c400000, 0x000000077d900000, 0x0000000781600000)
  object space 21504K, 86% used [0x000000077c400000,0x000000077d635a88,0x000000077d900000)
}
Event: 11.953 GC heap before
{Heap before GC invocations=7 (full 0):
 PSYoungGen      total 70144K, used 69861K [0x00000007d5c80000, 0x00000007dec80000, 0x0000000800000000)
  eden space 64512K, 100% used [0x00000007d5c80000,0x00000007d9b80000,0x00000007d9b80000)
  from space 5632K, 94% used [0x00000007de700000,0x00000007dec39650,0x00000007dec80000)
  to   space 8704K, 0% used [0x00000007ddb80000,0x00000007ddb80000,0x00000007de400000)
 ParOldGen       total 86016K, used 6633K [0x0000000781600000, 0x0000000786a00000, 0x00000007d5c80000)
  object space 86016K, 7% used [0x0000000781600000,0x0000000781c7a740,0x0000000786a00000)
 PSPermGen       total 21504K, used 18653K [0x000000077c400000, 0x000000077d900000, 0x0000000781600000)
  object space 21504K, 86% used [0x000000077c400000,0x000000077d6374c0,0x000000077d900000)
Event: 11.962 GC heap after
Heap after GC invocations=7 (full 0):
 PSYoungGen      total 65024K, used 2504K [0x00000007d5c80000, 0x00000007de780000, 0x0000000800000000)
  eden space 62464K, 0% used [0x00000007d5c80000,0x00000007d5c80000,0x00000007d9980000)
  from space 2560K, 97% used [0x00000007ddb80000,0x00000007dddf2020,0x00000007dde00000)
  to   space 9216K, 0% used [0x00000007dde80000,0x00000007dde80000,0x00000007de780000)
 ParOldGen       total 86016K, used 10371K [0x0000000781600000, 0x0000000786a00000, 0x00000007d5c80000)
  object space 86016K, 12% used [0x0000000781600000,0x0000000782020e98,0x0000000786a00000)
 PSPermGen       total 21504K, used 18653K [0x000000077c400000, 0x000000077d900000, 0x0000000781600000)
  object space 21504K, 86% used [0x000000077c400000,0x000000077d6374c0,0x000000077d900000)
}
Event: 12.849 GC heap before
{Heap before GC invocations=8 (full 0):
 PSYoungGen      total 65024K, used 64752K [0x00000007d5c80000, 0x00000007de780000, 0x0000000800000000)
  eden space 62464K, 99% used [0x00000007d5c80000,0x00000007d994a1a0,0x00000007d9980000)
  from space 2560K, 97% used [0x00000007ddb80000,0x00000007dddf2020,0x00000007dde00000)
  to   space 9216K, 0% used [0x00000007dde80000,0x00000007dde80000,0x00000007de780000)
 ParOldGen       total 86016K, used 10371K [0x0000000781600000, 0x0000000786a00000, 0x00000007d5c80000)
  object space 86016K, 12% used [0x0000000781600000,0x0000000782020e98,0x0000000786a00000)
 PSPermGen       total 21504K, used 19331K [0x000000077c400000, 0x000000077d900000, 0x0000000781600000)
  object space 21504K, 89% used [0x000000077c400000,0x000000077d6e0e38,0x000000077d900000)
Event: 12.852 GC heap after
Heap after GC invocations=8 (full 0):
 PSYoungGen      total 63488K, used 2376K [0x00000007d5c80000, 0x00000007de100000, 0x0000000800000000)
  eden space 60928K, 0% used [0x00000007d5c80000,0x00000007d5c80000,0x00000007d9800000)
  from space 2560K, 92% used [0x00000007dde80000,0x00000007de0d2020,0x00000007de100000)
  to   space 9216K, 0% used [0x00000007dcf00000,0x00000007dcf00000,0x00000007dd800000)
 ParOldGen       total 86016K, used 10632K [0x0000000781600000, 0x0000000786a00000, 0x00000007d5c80000)
  object space 86016K, 12% used [0x0000000781600000,0x0000000782062148,0x0000000786a00000)
 PSPermGen       total 21504K, used 19331K [0x000000077c400000, 0x000000077d900000, 0x0000000781600000)
  object space 21504K, 89% used [0x000000077c400000,0x000000077d6e0e38,0x000000077d900000)
}
Event: 24.918 GC heap before
{Heap before GC invocations=9 (full 0):
 PSYoungGen      total 63488K, used 62739K [0x00000007d5c80000, 0x00000007de100000, 0x0000000800000000)
  eden space 60928K, 99% used [0x00000007d5c80000,0x00000007d9772f08,0x00000007d9800000)
  from space 2560K, 92% used [0x00000007dde80000,0x00000007de0d2020,0x00000007de100000)
  to   space 9216K, 0% used [0x00000007dcf00000,0x00000007dcf00000,0x00000007dd800000)
 ParOldGen       total 86016K, used 10632K [0x0000000781600000, 0x0000000786a00000, 0x00000007d5c80000)
  object space 86016K, 12% used [0x0000000781600000,0x0000000782062148,0x0000000786a00000)
 PSPermGen       total 21504K, used 20281K [0x000000077c400000, 0x000000077d900000, 0x0000000781600000)
  object space 21504K, 94% used [0x000000077c400000,0x000000077d7ce450,0x000000077d900000)
Event: 24.922 GC heap after
Heap after GC invocations=9 (full 0):
 PSYoungGen      total 65024K, used 5261K [0x00000007d5c80000, 0x00000007ddf00000, 0x0000000800000000)
  eden space 59392K, 0% used [0x00000007d5c80000,0x00000007d5c80000,0x00000007d9680000)
  from space 5632K, 93% used [0x00000007dcf00000,0x00000007dd4236b0,0x00000007dd480000)
  to   space 8704K, 0% used [0x00000007dd680000,0x00000007dd680000,0x00000007ddf00000)
 ParOldGen       total 86016K, used 10894K [0x0000000781600000, 0x0000000786a00000, 0x00000007d5c80000)
  object space 86016K, 12% used [0x0000000781600000,0x00000007820a38c8,0x0000000786a00000)
 PSPermGen       total 21504K, used 20281K [0x000000077c400000, 0x000000077d900000, 0x0000000781600000)
  object space 21504K, 94% used [0x000000077c400000,0x000000077d7ce450,0x000000077d900000)
}
Event: 29.109 GC heap before
{Heap before GC invocations=10 (full 0):
 PSYoungGen      total 65024K, used 64301K [0x00000007d5c80000, 0x00000007ddf00000, 0x0000000800000000)
  eden space 59392K, 99% used [0x00000007d5c80000,0x00000007d9627ec0,0x00000007d9680000)
  from space 5632K, 93% used [0x00000007dcf00000,0x00000007dd4236b0,0x00000007dd480000)
  to   space 8704K, 0% used [0x00000007dd680000,0x00000007dd680000,0x00000007ddf00000)
 ParOldGen       total 86016K, used 10894K [0x0000000781600000, 0x0000000786a00000, 0x00000007d5c80000)
  object space 86016K, 12% used [0x0000000781600000,0x00000007820a38c8,0x0000000786a00000)
 PSPermGen       total 21504K, used 20305K [0x000000077c400000, 0x000000077d900000, 0x0000000781600000)
  object space 21504K, 94% used [0x000000077c400000,0x000000077d7d4718,0x000000077d900000)
Event: 29.114 GC heap after
Heap after GC invocations=10 (full 0):
 PSYoungGen      total 62464K, used 4121K [0x00000007d5c80000, 0x00000007ddb00000, 0x0000000800000000)
  eden space 57856K, 0% used [0x00000007d5c80000,0x00000007d5c80000,0x00000007d9500000)
  from space 4608K, 89% used [0x00000007dd680000,0x00000007dda86630,0x00000007ddb00000)
  to   space 8704K, 0% used [0x00000007dca00000,0x00000007dca00000,0x00000007dd280000)
 ParOldGen       total 86016K, used 13744K [0x0000000781600000, 0x0000000786a00000, 0x00000007d5c80000)
  object space 86016K, 15% used [0x0000000781600000,0x000000078236c298,0x0000000786a00000)
 PSPermGen       total 21504K, used 20305K [0x000000077c400000, 0x000000077d900000, 0x0000000781600000)
  object space 21504K, 94% used [0x000000077c400000,0x000000077d7d4718,0x000000077d900000)
}

