# JRE version: Java(TM) SE Runtime Environment (7.0_55-b13) (build 1.7.0_55-b13)
# Java VM: Java HotSpot(TM) 64-Bit Server VM (24.55-b03 mixed mode windows-amd64 compressed oops)
Heap
 PSYoungGen      total 52224K, used 38849K [0x00000007d5c80000, 0x00000007daa00000, 0x0000000800000000)
  eden space 40448K, 70% used [0x00000007d5c80000,0x00000007d7837728,0x00000007d8400000)
  from space 11776K, 88% used [0x00000007d8400000,0x00000007d8e39010,0x00000007d8f80000)
  to   space 13312K, 0% used [0x00000007d9d00000,0x00000007d9d00000,0x00000007daa00000)
 ParOldGen       total 86016K, used 49795K [0x0000000781600000, 0x0000000786a00000, 0x00000007d5c80000)
  object space 86016K, 57% used [0x0000000781600000,0x00000007846a0c10,0x0000000786a00000)
 PSPermGen       total 23552K, used 23130K [0x000000077c400000, 0x000000077db00000, 0x0000000781600000)
  object space 23552K, 98% used [0x000000077c400000,0x000000077da96b50,0x000000077db00000)
GC Heap History (10 events):
Event: 136.087 GC heap before
{Heap before GC invocations=21 (full 0):
 PSYoungGen      total 54784K, used 46993K [0x00000007d5c80000, 0x00000007d9f00000, 0x0000000800000000)
  eden space 44544K, 98% used [0x00000007d5c80000,0x00000007d8761528,0x00000007d8800000)
  from space 10240K, 30% used [0x00000007d9500000,0x00000007d9803030,0x00000007d9f00000)
  to   space 11776K, 0% used [0x00000007d8800000,0x00000007d8800000,0x00000007d9380000)
 ParOldGen       total 86016K, used 42701K [0x0000000781600000, 0x0000000786a00000, 0x00000007d5c80000)
  object space 86016K, 49% used [0x0000000781600000,0x0000000783fb3750,0x0000000786a00000)
 PSPermGen       total 23552K, used 23117K [0x000000077c400000, 0x000000077db00000, 0x0000000781600000)
  object space 23552K, 98% used [0x000000077c400000,0x000000077da934a0,0x000000077db00000)
Event: 136.090 GC heap after
Heap after GC invocations=21 (full 0):
 PSYoungGen      total 51200K, used 7660K [0x00000007d5c80000, 0x00000007d9f00000, 0x0000000800000000)
  eden space 43520K, 0% used [0x00000007d5c80000,0x00000007d5c80000,0x00000007d8700000)
  from space 7680K, 99% used [0x00000007d8800000,0x00000007d8f7b2e0,0x00000007d8f80000)
  to   space 12288K, 0% used [0x00000007d9300000,0x00000007d9300000,0x00000007d9f00000)
 ParOldGen       total 86016K, used 42959K [0x0000000781600000, 0x0000000786a00000, 0x00000007d5c80000)
  object space 86016K, 49% used [0x0000000781600000,0x0000000783ff3dc0,0x0000000786a00000)
 PSPermGen       total 23552K, used 23117K [0x000000077c400000, 0x000000077db00000, 0x0000000781600000)
  object space 23552K, 98% used [0x000000077c400000,0x000000077da934a0,0x000000077db00000)
}
Event: 139.176 GC heap before
{Heap before GC invocations=22 (full 0):
 PSYoungGen      total 51200K, used 51180K [0x00000007d5c80000, 0x00000007d9f00000, 0x0000000800000000)
  eden space 43520K, 100% used [0x00000007d5c80000,0x00000007d8700000,0x00000007d8700000)
  from space 7680K, 99% used [0x00000007d8800000,0x00000007d8f7b2e0,0x00000007d8f80000)
  to   space 12288K, 0% used [0x00000007d9300000,0x00000007d9300000,0x00000007d9f00000)
 ParOldGen       total 86016K, used 42959K [0x0000000781600000, 0x0000000786a00000, 0x00000007d5c80000)
  object space 86016K, 49% used [0x0000000781600000,0x0000000783ff3dc0,0x0000000786a00000)
 PSPermGen       total 23552K, used 23118K [0x000000077c400000, 0x000000077db00000, 0x0000000781600000)
  object space 23552K, 98% used [0x000000077c400000,0x000000077da93b70,0x000000077db00000)
Event: 139.180 GC heap after
Heap after GC invocations=22 (full 0):
 PSYoungGen      total 53760K, used 1380K [0x00000007d5c80000, 0x00000007d9e00000, 0x0000000800000000)
  eden space 42496K, 0% used [0x00000007d5c80000,0x00000007d5c80000,0x00000007d8600000)
  from space 11264K, 12% used [0x00000007d9300000,0x00000007d9459010,0x00000007d9e00000)
  to   space 12288K, 0% used [0x00000007d8600000,0x00000007d8600000,0x00000007d9200000)
 ParOldGen       total 86016K, used 48375K [0x0000000781600000, 0x0000000786a00000, 0x00000007d5c80000)
  object space 86016K, 56% used [0x0000000781600000,0x000000078453dc00,0x0000000786a00000)
 PSPermGen       total 23552K, used 23118K [0x000000077c400000, 0x000000077db00000, 0x0000000781600000)
  object space 23552K, 98% used [0x000000077c400000,0x000000077da93b70,0x000000077db00000)
}
Event: 140.407 GC heap before
{Heap before GC invocations=23 (full 0):
 PSYoungGen      total 53760K, used 43004K [0x00000007d5c80000, 0x00000007d9e00000, 0x0000000800000000)
  eden space 42496K, 97% used [0x00000007d5c80000,0x00000007d8526118,0x00000007d8600000)
  from space 11264K, 12% used [0x00000007d9300000,0x00000007d9459010,0x00000007d9e00000)
  to   space 12288K, 0% used [0x00000007d8600000,0x00000007d8600000,0x00000007d9200000)
 ParOldGen       total 86016K, used 48375K [0x0000000781600000, 0x0000000786a00000, 0x00000007d5c80000)
  object space 86016K, 56% used [0x0000000781600000,0x000000078453dc00,0x0000000786a00000)
 PSPermGen       total 23552K, used 23120K [0x000000077c400000, 0x000000077db00000, 0x0000000781600000)
  object space 23552K, 98% used [0x000000077c400000,0x000000077da94088,0x000000077db00000)
Event: 140.409 GC heap after
Heap after GC invocations=23 (full 0):
 PSYoungGen      total 43520K, used 2024K [0x00000007d5c80000, 0x00000007d9c00000, 0x0000000800000000)
  eden space 41472K, 0% used [0x00000007d5c80000,0x00000007d5c80000,0x00000007d8500000)
  from space 2048K, 98% used [0x00000007d8600000,0x00000007d87fa020,0x00000007d8800000)
  to   space 11776K, 0% used [0x00000007d9080000,0x00000007d9080000,0x00000007d9c00000)
 ParOldGen       total 86016K, used 48703K [0x0000000781600000, 0x0000000786a00000, 0x00000007d5c80000)
  object space 86016K, 56% used [0x0000000781600000,0x000000078458fd30,0x0000000786a00000)
 PSPermGen       total 23552K, used 23120K [0x000000077c400000, 0x000000077db00000, 0x0000000781600000)
  object space 23552K, 98% used [0x000000077c400000,0x000000077da94088,0x000000077db00000)
}
Event: 143.340 GC heap before
{Heap before GC invocations=24 (full 0):
 PSYoungGen      total 43520K, used 43496K [0x00000007d5c80000, 0x00000007d9c00000, 0x0000000800000000)
  eden space 41472K, 100% used [0x00000007d5c80000,0x00000007d8500000,0x00000007d8500000)
  from space 2048K, 98% used [0x00000007d8600000,0x00000007d87fa020,0x00000007d8800000)
  to   space 11776K, 0% used [0x00000007d9080000,0x00000007d9080000,0x00000007d9c00000)
 ParOldGen       total 86016K, used 48703K [0x0000000781600000, 0x0000000786a00000, 0x00000007d5c80000)
  object space 86016K, 56% used [0x0000000781600000,0x000000078458fd30,0x0000000786a00000)
 PSPermGen       total 23552K, used 23124K [0x000000077c400000, 0x000000077db00000, 0x0000000781600000)
  object space 23552K, 98% used [0x000000077c400000,0x000000077da95220,0x000000077db00000)
Event: 143.342 GC heap after
Heap after GC invocations=24 (full 0):
 PSYoungGen      total 51200K, used 1928K [0x00000007d5c80000, 0x00000007d9b00000, 0x0000000800000000)
  eden space 40448K, 0% used [0x00000007d5c80000,0x00000007d5c80000,0x00000007d8400000)
  from space 10752K, 17% used [0x00000007d9080000,0x00000007d9262020,0x00000007d9b00000)
  to   space 11776K, 0% used [0x00000007d8400000,0x00000007d8400000,0x00000007d8f80000)
 ParOldGen       total 86016K, used 48817K [0x0000000781600000, 0x0000000786a00000, 0x00000007d5c80000)
  object space 86016K, 56% used [0x0000000781600000,0x00000007845ac540,0x0000000786a00000)
 PSPermGen       total 23552K, used 23124K [0x000000077c400000, 0x000000077db00000, 0x0000000781600000)
  object space 23552K, 98% used [0x000000077c400000,0x000000077da95220,0x000000077db00000)
}
Event: 143.823 GC heap before
{Heap before GC invocations=25 (full 0):
 PSYoungGen      total 51200K, used 42376K [0x00000007d5c80000, 0x00000007d9b00000, 0x0000000800000000)
  eden space 40448K, 100% used [0x00000007d5c80000,0x00000007d8400000,0x00000007d8400000)
  from space 10752K, 17% used [0x00000007d9080000,0x00000007d9262020,0x00000007d9b00000)
  to   space 11776K, 0% used [0x00000007d8400000,0x00000007d8400000,0x00000007d8f80000)
 ParOldGen       total 86016K, used 48817K [0x0000000781600000, 0x0000000786a00000, 0x00000007d5c80000)
  object space 86016K, 56% used [0x0000000781600000,0x00000007845ac540,0x0000000786a00000)
 PSPermGen       total 23552K, used 23124K [0x000000077c400000, 0x000000077db00000, 0x0000000781600000)
  object space 23552K, 98% used [0x000000077c400000,0x000000077da952d0,0x000000077db00000)
Event: 143.852 GC heap after
Heap after GC invocations=25 (full 0):
 PSYoungGen      total 52224K, used 10468K [0x00000007d5c80000, 0x00000007daa00000, 0x0000000800000000)
  eden space 40448K, 0% used [0x00000007d5c80000,0x00000007d5c80000,0x00000007d8400000)
  from space 11776K, 88% used [0x00000007d8400000,0x00000007d8e39010,0x00000007d8f80000)
  to   space 13312K, 0% used [0x00000007d9d00000,0x00000007d9d00000,0x00000007daa00000)
 ParOldGen       total 86016K, used 49795K [0x0000000781600000, 0x0000000786a00000, 0x00000007d5c80000)
  object space 86016K, 57% used [0x0000000781600000,0x00000007846a0c10,0x0000000786a00000)
 PSPermGen       total 23552K, used 23124K [0x000000077c400000, 0x000000077db00000, 0x0000000781600000)
  object space 23552K, 98% used [0x000000077c400000,0x000000077da952d0,0x000000077db00000)
}

