# JRE version: Java(TM) SE Runtime Environment (8.0_171-b11) (build 1.8.0_171-b11)
# Java VM: Java HotSpot(TM) 64-Bit Server VM (25.171-b11 mixed mode windows-amd64 compressed oops)
Heap:
 PSYoungGen      total 51712K, used 12665K [0x00000000d6200000, 0x00000000da580000, 0x0000000100000000)
  eden space 47104K, 26% used [0x00000000d6200000,0x00000000d6e5e658,0x00000000d9000000)
  from space 4608K, 0% used [0x00000000d9000000,0x00000000d9000000,0x00000000d9480000)
  to   space 5120K, 0% used [0x00000000da080000,0x00000000da080000,0x00000000da580000)
 ParOldGen       total 49664K, used 11208K [0x0000000082600000, 0x0000000085680000, 0x00000000d6200000)
  object space 49664K, 22% used [0x0000000082600000,0x00000000830f2188,0x0000000085680000)
 Metaspace       used 21218K, capacity 21486K, committed 21632K, reserved 1069056K
  class space    used 2467K, capacity 2562K, committed 2688K, reserved 1048576K
GC Heap History (10 events):
Event: 32.719 GC heap before
{Heap before GC invocations=36 (full 0):
 PSYoungGen      total 34816K, used 33196K [0x00000000d6200000, 0x00000000d9000000, 0x0000000100000000)
  eden space 30208K, 100% used [0x00000000d6200000,0x00000000d7f80000,0x00000000d7f80000)
  from space 4608K, 64% used [0x00000000d7f80000,0x00000000d826b030,0x00000000d8400000)
  to   space 4608K, 0% used [0x00000000d8b80000,0x00000000d8b80000,0x00000000d9000000)
 ParOldGen       total 86016K, used 16480K [0x0000000082600000, 0x0000000087a00000, 0x00000000d6200000)
  object space 86016K, 19% used [0x0000000082600000,0x00000000836182f0,0x0000000087a00000)
 Metaspace       used 19697K, capacity 19834K, committed 20096K, reserved 1067008K
  class space    used 2282K, capacity 2338K, committed 2432K, reserved 1048576K
Event: 32.724 GC heap after
Heap after GC invocations=36 (full 0):
 PSYoungGen      total 41984K, used 3952K [0x00000000d6200000, 0x00000000d9100000, 0x0000000100000000)
  eden space 37376K, 0% used [0x00000000d6200000,0x00000000d6200000,0x00000000d8680000)
  from space 4608K, 85% used [0x00000000d8b80000,0x00000000d8f5c040,0x00000000d9000000)
  to   space 5120K, 0% used [0x00000000d8680000,0x00000000d8680000,0x00000000d8b80000)
 ParOldGen       total 86016K, used 19220K [0x0000000082600000, 0x0000000087a00000, 0x00000000d6200000)
  object space 86016K, 22% used [0x0000000082600000,0x00000000838c5320,0x0000000087a00000)
 Metaspace       used 19697K, capacity 19834K, committed 20096K, reserved 1067008K
  class space    used 2282K, capacity 2338K, committed 2432K, reserved 1048576K
}
Event: 33.320 GC heap before
{Heap before GC invocations=37 (full 0):
 PSYoungGen      total 41984K, used 41328K [0x00000000d6200000, 0x00000000d9100000, 0x0000000100000000)
  eden space 37376K, 100% used [0x00000000d6200000,0x00000000d8680000,0x00000000d8680000)
  from space 4608K, 85% used [0x00000000d8b80000,0x00000000d8f5c040,0x00000000d9000000)
  to   space 5120K, 0% used [0x00000000d8680000,0x00000000d8680000,0x00000000d8b80000)
 ParOldGen       total 86016K, used 19220K [0x0000000082600000, 0x0000000087a00000, 0x00000000d6200000)
  object space 86016K, 22% used [0x0000000082600000,0x00000000838c5320,0x0000000087a00000)
 Metaspace       used 20257K, capacity 20442K, committed 20736K, reserved 1067008K
  class space    used 2353K, capacity 2434K, committed 2560K, reserved 1048576K
Event: 33.325 GC heap after
Heap after GC invocations=37 (full 0):
 PSYoungGen      total 42496K, used 3084K [0x00000000d6200000, 0x00000000d9900000, 0x0000000100000000)
  eden space 37376K, 0% used [0x00000000d6200000,0x00000000d6200000,0x00000000d8680000)
  from space 5120K, 60% used [0x00000000d8680000,0x00000000d8983030,0x00000000d8b80000)
  to   space 4608K, 0% used [0x00000000d9480000,0x00000000d9480000,0x00000000d9900000)
 ParOldGen       total 86016K, used 19276K [0x0000000082600000, 0x0000000087a00000, 0x00000000d6200000)
  object space 86016K, 22% used [0x0000000082600000,0x00000000838d3320,0x0000000087a00000)
 Metaspace       used 20257K, capacity 20442K, committed 20736K, reserved 1067008K
  class space    used 2353K, capacity 2434K, committed 2560K, reserved 1048576K
}
Event: 33.826 GC heap before
{Heap before GC invocations=38 (full 0):
 PSYoungGen      total 42496K, used 40460K [0x00000000d6200000, 0x00000000d9900000, 0x0000000100000000)
  eden space 37376K, 100% used [0x00000000d6200000,0x00000000d8680000,0x00000000d8680000)
  from space 5120K, 60% used [0x00000000d8680000,0x00000000d8983030,0x00000000d8b80000)
  to   space 4608K, 0% used [0x00000000d9480000,0x00000000d9480000,0x00000000d9900000)
 ParOldGen       total 86016K, used 19276K [0x0000000082600000, 0x0000000087a00000, 0x00000000d6200000)
  object space 86016K, 22% used [0x0000000082600000,0x00000000838d3320,0x0000000087a00000)
 Metaspace       used 20766K, capacity 20994K, committed 21248K, reserved 1069056K
  class space    used 2407K, capacity 2480K, committed 2560K, reserved 1048576K
Event: 33.832 GC heap after
Heap after GC invocations=38 (full 0):
 PSYoungGen      total 51712K, used 3308K [0x00000000d6200000, 0x00000000d9900000, 0x0000000100000000)
  eden space 47104K, 0% used [0x00000000d6200000,0x00000000d6200000,0x00000000d9000000)
  from space 4608K, 71% used [0x00000000d9480000,0x00000000d97bb030,0x00000000d9900000)
  to   space 4608K, 0% used [0x00000000d9000000,0x00000000d9000000,0x00000000d9480000)
 ParOldGen       total 86016K, used 19410K [0x0000000082600000, 0x0000000087a00000, 0x00000000d6200000)
  object space 86016K, 22% used [0x0000000082600000,0x00000000838f4880,0x0000000087a00000)
 Metaspace       used 20766K, capacity 20994K, committed 21248K, reserved 1069056K
  class space    used 2407K, capacity 2480K, committed 2560K, reserved 1048576K
}
Event: 33.906 GC heap before
{Heap before GC invocations=39 (full 0):
 PSYoungGen      total 51712K, used 8057K [0x00000000d6200000, 0x00000000d9900000, 0x0000000100000000)
  eden space 47104K, 10% used [0x00000000d6200000,0x00000000d66a3630,0x00000000d9000000)
  from space 4608K, 71% used [0x00000000d9480000,0x00000000d97bb030,0x00000000d9900000)
  to   space 4608K, 0% used [0x00000000d9000000,0x00000000d9000000,0x00000000d9480000)
 ParOldGen       total 86016K, used 19410K [0x0000000082600000, 0x0000000087a00000, 0x00000000d6200000)
  object space 86016K, 22% used [0x0000000082600000,0x00000000838f4880,0x0000000087a00000)
 Metaspace       used 20938K, capacity 21130K, committed 21248K, reserved 1069056K
  class space    used 2426K, capacity 2492K, committed 2560K, reserved 1048576K
Event: 33.912 GC heap after
Heap after GC invocations=39 (full 0):
 PSYoungGen      total 51712K, used 4188K [0x00000000d6200000, 0x00000000da580000, 0x0000000100000000)
  eden space 47104K, 0% used [0x00000000d6200000,0x00000000d6200000,0x00000000d9000000)
  from space 4608K, 90% used [0x00000000d9000000,0x00000000d9417060,0x00000000d9480000)
  to   space 5120K, 0% used [0x00000000da080000,0x00000000da080000,0x00000000da580000)
 ParOldGen       total 86016K, used 22374K [0x0000000082600000, 0x0000000087a00000, 0x00000000d6200000)
  object space 86016K, 26% used [0x0000000082600000,0x0000000083bd98e0,0x0000000087a00000)
 Metaspace       used 20938K, capacity 21130K, committed 21248K, reserved 1069056K
  class space    used 2426K, capacity 2492K, committed 2560K, reserved 1048576K
}
Event: 33.912 GC heap before
{Heap before GC invocations=40 (full 1):
 PSYoungGen      total 51712K, used 4188K [0x00000000d6200000, 0x00000000da580000, 0x0000000100000000)
  eden space 47104K, 0% used [0x00000000d6200000,0x00000000d6200000,0x00000000d9000000)
  from space 4608K, 90% used [0x00000000d9000000,0x00000000d9417060,0x00000000d9480000)
  to   space 5120K, 0% used [0x00000000da080000,0x00000000da080000,0x00000000da580000)
 ParOldGen       total 86016K, used 22374K [0x0000000082600000, 0x0000000087a00000, 0x00000000d6200000)
  object space 86016K, 26% used [0x0000000082600000,0x0000000083bd98e0,0x0000000087a00000)
 Metaspace       used 20938K, capacity 21130K, committed 21248K, reserved 1069056K
  class space    used 2426K, capacity 2492K, committed 2560K, reserved 1048576K
Event: 33.952 GC heap after
Heap after GC invocations=40 (full 1):
 PSYoungGen      total 51712K, used 0K [0x00000000d6200000, 0x00000000da580000, 0x0000000100000000)
  eden space 47104K, 0% used [0x00000000d6200000,0x00000000d6200000,0x00000000d9000000)
  from space 4608K, 0% used [0x00000000d9000000,0x00000000d9000000,0x00000000d9480000)
  to   space 5120K, 0% used [0x00000000da080000,0x00000000da080000,0x00000000da580000)
 ParOldGen       total 49664K, used 11208K [0x0000000082600000, 0x0000000085680000, 0x00000000d6200000)
  object space 49664K, 22% used [0x0000000082600000,0x00000000830f2188,0x0000000085680000)
 Metaspace       used 20938K, capacity 21130K, committed 21248K, reserved 1069056K
  class space    used 2426K, capacity 2492K, committed 2560K, reserved 1048576K
}

