# JRE version: Java(TM) SE Runtime Environment (8.0_181-b13) (build 1.8.0_181-b13)
# Java VM: Java HotSpot(TM) 64-Bit Server VM (25.181-b13 mixed mode windows-amd64 compressed oops)
Heap:
 PSYoungGen      total 66560K, used 24333K [0x00000000d6200000, 0x00000000df780000, 0x0000000100000000)
  eden space 60416K, 40% used [0x00000000d6200000,0x00000000d79c3480,0x00000000d9d00000)
  from space 6144K, 0% used [0x00000000df180000,0x00000000df180000,0x00000000df780000)
  to   space 23552K, 0% used [0x00000000dc980000,0x00000000dc980000,0x00000000de080000)
 ParOldGen       total 77312K, used 13452K [0x0000000082600000, 0x0000000087180000, 0x00000000d6200000)
  object space 77312K, 17% used [0x0000000082600000,0x0000000083323200,0x0000000087180000)
 Metaspace       used 22316K, capacity 22552K, committed 22784K, reserved 1069056K
  class space    used 2645K, capacity 2734K, committed 2816K, reserved 1048576K
GC Heap History (10 events):
Event: 10.615 GC heap before
{Heap before GC invocations=5 (full 0):
 PSYoungGen      total 70656K, used 70651K [0x00000000d6200000, 0x00000000dac00000, 0x0000000100000000)
  eden space 65536K, 100% used [0x00000000d6200000,0x00000000da200000,0x00000000da200000)
  from space 5120K, 99% used [0x00000000da700000,0x00000000dabfefd0,0x00000000dac00000)
  to   space 5120K, 0% used [0x00000000da200000,0x00000000da200000,0x00000000da700000)
 ParOldGen       total 86016K, used 37223K [0x0000000082600000, 0x0000000087a00000, 0x00000000d6200000)
  object space 86016K, 43% used [0x0000000082600000,0x0000000084a59e98,0x0000000087a00000)
 Metaspace       used 19851K, capacity 20084K, committed 20352K, reserved 1067008K
  class space    used 2308K, capacity 2404K, committed 2432K, reserved 1048576K
Event: 10.629 GC heap after
Heap after GC invocations=5 (full 0):
 PSYoungGen      total 68608K, used 5115K [0x00000000d6200000, 0x00000000dc600000, 0x0000000100000000)
  eden space 63488K, 0% used [0x00000000d6200000,0x00000000d6200000,0x00000000da000000)
  from space 5120K, 99% used [0x00000000da200000,0x00000000da6fefd0,0x00000000da700000)
  to   space 19456K, 0% used [0x00000000db300000,0x00000000db300000,0x00000000dc600000)
 ParOldGen       total 86016K, used 48673K [0x0000000082600000, 0x0000000087a00000, 0x00000000d6200000)
  object space 86016K, 56% used [0x0000000082600000,0x00000000855885a8,0x0000000087a00000)
 Metaspace       used 19851K, capacity 20084K, committed 20352K, reserved 1067008K
  class space    used 2308K, capacity 2404K, committed 2432K, reserved 1048576K
}
Event: 11.337 GC heap before
{Heap before GC invocations=6 (full 0):
 PSYoungGen      total 68608K, used 68603K [0x00000000d6200000, 0x00000000dc600000, 0x0000000100000000)
  eden space 63488K, 100% used [0x00000000d6200000,0x00000000da000000,0x00000000da000000)
  from space 5120K, 99% used [0x00000000da200000,0x00000000da6fefd0,0x00000000da700000)
  to   space 19456K, 0% used [0x00000000db300000,0x00000000db300000,0x00000000dc600000)
 ParOldGen       total 86016K, used 48673K [0x0000000082600000, 0x0000000087a00000, 0x00000000d6200000)
  object space 86016K, 56% used [0x0000000082600000,0x00000000855885a8,0x0000000087a00000)
 Metaspace       used 20066K, capacity 20276K, committed 20352K, reserved 1067008K
  class space    used 2325K, capacity 2404K, committed 2432K, reserved 1048576K
Event: 11.350 GC heap after
Heap after GC invocations=6 (full 0):
 PSYoungGen      total 81408K, used 18645K [0x00000000d6200000, 0x00000000e0700000, 0x0000000100000000)
  eden space 61952K, 0% used [0x00000000d6200000,0x00000000d6200000,0x00000000d9e80000)
  from space 19456K, 95% used [0x00000000db300000,0x00000000dc5357c0,0x00000000dc600000)
  to   space 20992K, 0% used [0x00000000d9e80000,0x00000000d9e80000,0x00000000db300000)
 ParOldGen       total 86016K, used 48681K [0x0000000082600000, 0x0000000087a00000, 0x00000000d6200000)
  object space 86016K, 56% used [0x0000000082600000,0x000000008558a5a8,0x0000000087a00000)
 Metaspace       used 20066K, capacity 20276K, committed 20352K, reserved 1067008K
  class space    used 2325K, capacity 2404K, committed 2432K, reserved 1048576K
}
Event: 12.578 GC heap before
{Heap before GC invocations=7 (full 0):
 PSYoungGen      total 81408K, used 80260K [0x00000000d6200000, 0x00000000e0700000, 0x0000000100000000)
  eden space 61952K, 99% used [0x00000000d6200000,0x00000000d9e2b958,0x00000000d9e80000)
  from space 19456K, 95% used [0x00000000db300000,0x00000000dc5357c0,0x00000000dc600000)
  to   space 20992K, 0% used [0x00000000d9e80000,0x00000000d9e80000,0x00000000db300000)
 ParOldGen       total 86016K, used 48681K [0x0000000082600000, 0x0000000087a00000, 0x00000000d6200000)
  object space 86016K, 56% used [0x0000000082600000,0x000000008558a5a8,0x0000000087a00000)
 Metaspace       used 20108K, capacity 20340K, committed 20608K, reserved 1067008K
  class space    used 2327K, capacity 2404K, committed 2432K, reserved 1048576K
Event: 12.590 GC heap after
Heap after GC invocations=7 (full 0):
 PSYoungGen      total 82944K, used 2152K [0x00000000d6200000, 0x00000000e0800000, 0x0000000100000000)
  eden space 61952K, 0% used [0x00000000d6200000,0x00000000d6200000,0x00000000d9e80000)
  from space 20992K, 10% used [0x00000000d9e80000,0x00000000da09a020,0x00000000db300000)
  to   space 23040K, 0% used [0x00000000df180000,0x00000000df180000,0x00000000e0800000)
 ParOldGen       total 86016K, used 61610K [0x0000000082600000, 0x0000000087a00000, 0x00000000d6200000)
  object space 86016K, 71% used [0x0000000082600000,0x000000008622abc0,0x0000000087a00000)
 Metaspace       used 20108K, capacity 20340K, committed 20608K, reserved 1067008K
  class space    used 2327K, capacity 2404K, committed 2432K, reserved 1048576K
}
Event: 13.463 GC heap before
{Heap before GC invocations=8 (full 0):
 PSYoungGen      total 82944K, used 52884K [0x00000000d6200000, 0x00000000e0800000, 0x0000000100000000)
  eden space 61952K, 81% used [0x00000000d6200000,0x00000000d938b078,0x00000000d9e80000)
  from space 20992K, 10% used [0x00000000d9e80000,0x00000000da09a020,0x00000000db300000)
  to   space 23040K, 0% used [0x00000000df180000,0x00000000df180000,0x00000000e0800000)
 ParOldGen       total 86016K, used 61610K [0x0000000082600000, 0x0000000087a00000, 0x00000000d6200000)
  object space 86016K, 71% used [0x0000000082600000,0x000000008622abc0,0x0000000087a00000)
 Metaspace       used 20871K, capacity 21082K, committed 21248K, reserved 1069056K
  class space    used 2417K, capacity 2503K, committed 2560K, reserved 1048576K
Event: 13.470 GC heap after
Heap after GC invocations=8 (full 0):
 PSYoungGen      total 66560K, used 5912K [0x00000000d6200000, 0x00000000df780000, 0x0000000100000000)
  eden space 60416K, 0% used [0x00000000d6200000,0x00000000d6200000,0x00000000d9d00000)
  from space 6144K, 96% used [0x00000000df180000,0x00000000df746060,0x00000000df780000)
  to   space 23552K, 0% used [0x00000000dc980000,0x00000000dc980000,0x00000000de080000)
 ParOldGen       total 86016K, used 61698K [0x0000000082600000, 0x0000000087a00000, 0x00000000d6200000)
  object space 86016K, 71% used [0x0000000082600000,0x0000000086240bc0,0x0000000087a00000)
 Metaspace       used 20871K, capacity 21082K, committed 21248K, reserved 1069056K
  class space    used 2417K, capacity 2503K, committed 2560K, reserved 1048576K
}
Event: 13.470 GC heap before
{Heap before GC invocations=9 (full 1):
 PSYoungGen      total 66560K, used 5912K [0x00000000d6200000, 0x00000000df780000, 0x0000000100000000)
  eden space 60416K, 0% used [0x00000000d6200000,0x00000000d6200000,0x00000000d9d00000)
  from space 6144K, 96% used [0x00000000df180000,0x00000000df746060,0x00000000df780000)
  to   space 23552K, 0% used [0x00000000dc980000,0x00000000dc980000,0x00000000de080000)
 ParOldGen       total 86016K, used 61698K [0x0000000082600000, 0x0000000087a00000, 0x00000000d6200000)
  object space 86016K, 71% used [0x0000000082600000,0x0000000086240bc0,0x0000000087a00000)
 Metaspace       used 20871K, capacity 21082K, committed 21248K, reserved 1069056K
  class space    used 2417K, capacity 2503K, committed 2560K, reserved 1048576K
Event: 13.550 GC heap after
Heap after GC invocations=9 (full 1):
 PSYoungGen      total 66560K, used 0K [0x00000000d6200000, 0x00000000df780000, 0x0000000100000000)
  eden space 60416K, 0% used [0x00000000d6200000,0x00000000d6200000,0x00000000d9d00000)
  from space 6144K, 0% used [0x00000000df180000,0x00000000df180000,0x00000000df780000)
  to   space 23552K, 0% used [0x00000000dc980000,0x00000000dc980000,0x00000000de080000)
 ParOldGen       total 77312K, used 13452K [0x0000000082600000, 0x0000000087180000, 0x00000000d6200000)
  object space 77312K, 17% used [0x0000000082600000,0x0000000083323200,0x0000000087180000)
 Metaspace       used 20871K, capacity 21082K, committed 21248K, reserved 1069056K
  class space    used 2417K, capacity 2503K, committed 2560K, reserved 1048576K
}

