# JRE version: Java(TM) SE Runtime Environment (7.0_55-b13) (build 1.7.0_55-b13)
# Java VM: Java HotSpot(TM) 64-Bit Server VM (24.55-b03 mixed mode windows-amd64 compressed oops)
Heap
 PSYoungGen      total 71168K, used 46037K [0x00000007d5c80000, 0x00000007def80000, 0x0000000800000000)
  eden space 62464K, 59% used [0x00000007d5c80000,0x00000007d80fb7c0,0x00000007d9980000)
  from space 8704K, 99% used [0x00000007d9980000,0x00000007da1fa020,0x00000007da200000)
  to   space 12800K, 0% used [0x00000007de300000,0x00000007de300000,0x00000007def80000)
 ParOldGen       total 86016K, used 15872K [0x0000000781600000, 0x0000000786a00000, 0x00000007d5c80000)
  object space 86016K, 18% used [0x0000000781600000,0x0000000782580280,0x0000000786a00000)
 PSPermGen       total 21504K, used 19783K [0x000000077c400000, 0x000000077d900000, 0x0000000781600000)
  object space 21504K, 91% used [0x000000077c400000,0x000000077d751c38,0x000000077d900000)
GC Heap History (10 events):
Event: 5.523 GC heap before
{Heap before GC invocations=3 (full 0):
 PSYoungGen      total 38400K, used 37540K [0x00000007d5c80000, 0x00000007da780000, 0x0000000800000000)
  eden space 33280K, 97% used [0x00000007d5c80000,0x00000007d7c2cec8,0x00000007d7d00000)
  from space 5120K, 99% used [0x00000007d8200000,0x00000007d86fc2b0,0x00000007d8700000)
  to   space 5120K, 0% used [0x00000007d7d00000,0x00000007d7d00000,0x00000007d8200000)
 ParOldGen       total 86016K, used 2497K [0x0000000781600000, 0x0000000786a00000, 0x00000007d5c80000)
  object space 86016K, 2% used [0x0000000781600000,0x0000000781870778,0x0000000786a00000)
 PSPermGen       total 21504K, used 17781K [0x000000077c400000, 0x000000077d900000, 0x0000000781600000)
  object space 21504K, 82% used [0x000000077c400000,0x000000077d55d500,0x000000077d900000)
Event: 5.537 GC heap after
Heap after GC invocations=3 (full 0):
 PSYoungGen      total 38400K, used 5102K [0x00000007d5c80000, 0x00000007da780000, 0x0000000800000000)
  eden space 33280K, 0% used [0x00000007d5c80000,0x00000007d5c80000,0x00000007d7d00000)
  from space 5120K, 99% used [0x00000007d7d00000,0x00000007d81fba60,0x00000007d8200000)
  to   space 5120K, 0% used [0x00000007da280000,0x00000007da280000,0x00000007da780000)
 ParOldGen       total 86016K, used 3566K [0x0000000781600000, 0x0000000786a00000, 0x00000007d5c80000)
  object space 86016K, 4% used [0x0000000781600000,0x000000078197b9a8,0x0000000786a00000)
 PSPermGen       total 21504K, used 17781K [0x000000077c400000, 0x000000077d900000, 0x0000000781600000)
  object space 21504K, 82% used [0x000000077c400000,0x000000077d55d500,0x000000077d900000)
}
Event: 7.748 GC heap before
{Heap before GC invocations=4 (full 0):
 PSYoungGen      total 38400K, used 37878K [0x00000007d5c80000, 0x00000007da780000, 0x0000000800000000)
  eden space 33280K, 98% used [0x00000007d5c80000,0x00000007d7c82018,0x00000007d7d00000)
  from space 5120K, 99% used [0x00000007d7d00000,0x00000007d81fba60,0x00000007d8200000)
  to   space 5120K, 0% used [0x00000007da280000,0x00000007da280000,0x00000007da780000)
 ParOldGen       total 86016K, used 3566K [0x0000000781600000, 0x0000000786a00000, 0x00000007d5c80000)
  object space 86016K, 4% used [0x0000000781600000,0x000000078197b9a8,0x0000000786a00000)
 PSPermGen       total 21504K, used 17838K [0x000000077c400000, 0x000000077d900000, 0x0000000781600000)
  object space 21504K, 82% used [0x000000077c400000,0x000000077d56ba78,0x000000077d900000)
Event: 7.765 GC heap after
Heap after GC invocations=4 (full 0):
 PSYoungGen      total 71680K, used 5102K [0x00000007d5c80000, 0x00000007da780000, 0x0000000800000000)
  eden space 66560K, 0% used [0x00000007d5c80000,0x00000007d5c80000,0x00000007d9d80000)
  from space 5120K, 99% used [0x00000007da280000,0x00000007da77ba60,0x00000007da780000)
  to   space 5120K, 0% used [0x00000007d9d80000,0x00000007d9d80000,0x00000007da280000)
 ParOldGen       total 86016K, used 7230K [0x0000000781600000, 0x0000000786a00000, 0x00000007d5c80000)
  object space 86016K, 8% used [0x0000000781600000,0x0000000781d0f9f8,0x0000000786a00000)
 PSPermGen       total 21504K, used 17838K [0x000000077c400000, 0x000000077d900000, 0x0000000781600000)
  object space 21504K, 82% used [0x000000077c400000,0x000000077d56ba78,0x000000077d900000)
}
Event: 10.932 GC heap before
{Heap before GC invocations=5 (full 0):
 PSYoungGen      total 71680K, used 71662K [0x00000007d5c80000, 0x00000007da780000, 0x0000000800000000)
  eden space 66560K, 100% used [0x00000007d5c80000,0x00000007d9d80000,0x00000007d9d80000)
  from space 5120K, 99% used [0x00000007da280000,0x00000007da77ba60,0x00000007da780000)
  to   space 5120K, 0% used [0x00000007d9d80000,0x00000007d9d80000,0x00000007da280000)
 ParOldGen       total 86016K, used 7230K [0x0000000781600000, 0x0000000786a00000, 0x00000007d5c80000)
  object space 86016K, 8% used [0x0000000781600000,0x0000000781d0f9f8,0x0000000786a00000)
 PSPermGen       total 21504K, used 18360K [0x000000077c400000, 0x000000077d900000, 0x0000000781600000)
  object space 21504K, 85% used [0x000000077c400000,0x000000077d5ee1e8,0x000000077d900000)
Event: 10.945 GC heap after
Heap after GC invocations=5 (full 0):
 PSYoungGen      total 69632K, used 5089K [0x00000007d5c80000, 0x00000007dac80000, 0x0000000800000000)
  eden space 64512K, 0% used [0x00000007d5c80000,0x00000007d5c80000,0x00000007d9b80000)
  from space 5120K, 99% used [0x00000007d9d80000,0x00000007da278480,0x00000007da280000)
  to   space 8704K, 0% used [0x00000007da400000,0x00000007da400000,0x00000007dac80000)
 ParOldGen       total 86016K, used 9340K [0x0000000781600000, 0x0000000786a00000, 0x00000007d5c80000)
  object space 86016K, 10% used [0x0000000781600000,0x0000000781f1f018,0x0000000786a00000)
 PSPermGen       total 21504K, used 18360K [0x000000077c400000, 0x000000077d900000, 0x0000000781600000)
  object space 21504K, 85% used [0x000000077c400000,0x000000077d5ee1e8,0x000000077d900000)
}
Event: 12.113 GC heap before
{Heap before GC invocations=6 (full 0):
 PSYoungGen      total 69632K, used 69601K [0x00000007d5c80000, 0x00000007dac80000, 0x0000000800000000)
  eden space 64512K, 100% used [0x00000007d5c80000,0x00000007d9b80000,0x00000007d9b80000)
  from space 5120K, 99% used [0x00000007d9d80000,0x00000007da278480,0x00000007da280000)
  to   space 8704K, 0% used [0x00000007da400000,0x00000007da400000,0x00000007dac80000)
 ParOldGen       total 86016K, used 9340K [0x0000000781600000, 0x0000000786a00000, 0x00000007d5c80000)
  object space 86016K, 10% used [0x0000000781600000,0x0000000781f1f018,0x0000000786a00000)
 PSPermGen       total 21504K, used 18506K [0x000000077c400000, 0x000000077d900000, 0x0000000781600000)
  object space 21504K, 86% used [0x000000077c400000,0x000000077d6129e0,0x000000077d900000)
Event: 12.122 GC heap after
Heap after GC invocations=6 (full 0):
 PSYoungGen      total 69120K, used 6039K [0x00000007d5c80000, 0x00000007daa80000, 0x0000000800000000)
  eden space 62464K, 0% used [0x00000007d5c80000,0x00000007d5c80000,0x00000007d9980000)
  from space 6656K, 90% used [0x00000007da400000,0x00000007da9e5fb8,0x00000007daa80000)
  to   space 8704K, 0% used [0x00000007d9980000,0x00000007d9980000,0x00000007da200000)
 ParOldGen       total 86016K, used 9340K [0x0000000781600000, 0x0000000786a00000, 0x00000007d5c80000)
  object space 86016K, 10% used [0x0000000781600000,0x0000000781f1f018,0x0000000786a00000)
 PSPermGen       total 21504K, used 18506K [0x000000077c400000, 0x000000077d900000, 0x0000000781600000)
  object space 21504K, 86% used [0x000000077c400000,0x000000077d6129e0,0x000000077d900000)
}
Event: 13.068 GC heap before
{Heap before GC invocations=7 (full 0):
 PSYoungGen      total 69120K, used 68503K [0x00000007d5c80000, 0x00000007daa80000, 0x0000000800000000)
  eden space 62464K, 100% used [0x00000007d5c80000,0x00000007d9980000,0x00000007d9980000)
  from space 6656K, 90% used [0x00000007da400000,0x00000007da9e5fb8,0x00000007daa80000)
  to   space 8704K, 0% used [0x00000007d9980000,0x00000007d9980000,0x00000007da200000)
 ParOldGen       total 86016K, used 9340K [0x0000000781600000, 0x0000000786a00000, 0x00000007d5c80000)
  object space 86016K, 10% used [0x0000000781600000,0x0000000781f1f018,0x0000000786a00000)
 PSPermGen       total 21504K, used 19160K [0x000000077c400000, 0x000000077d900000, 0x0000000781600000)
  object space 21504K, 89% used [0x000000077c400000,0x000000077d6b6338,0x000000077d900000)
Event: 13.102 GC heap after
Heap after GC invocations=7 (full 0):
 PSYoungGen      total 71168K, used 8680K [0x00000007d5c80000, 0x00000007def80000, 0x0000000800000000)
  eden space 62464K, 0% used [0x00000007d5c80000,0x00000007d5c80000,0x00000007d9980000)
  from space 8704K, 99% used [0x00000007d9980000,0x00000007da1fa020,0x00000007da200000)
  to   space 12800K, 0% used [0x00000007de300000,0x00000007de300000,0x00000007def80000)
 ParOldGen       total 86016K, used 15872K [0x0000000781600000, 0x0000000786a00000, 0x00000007d5c80000)
  object space 86016K, 18% used [0x0000000781600000,0x0000000782580280,0x0000000786a00000)
 PSPermGen       total 21504K, used 19160K [0x000000077c400000, 0x000000077d900000, 0x0000000781600000)
  object space 21504K, 89% used [0x000000077c400000,0x000000077d6b6338,0x000000077d900000)
}

