# JRE version: Java(TM) SE Runtime Environment (8.0_181-b13) (build 1.8.0_181-b13)
# Java VM: Java HotSpot(TM) 64-Bit Server VM (25.181-b13 mixed mode windows-amd64 compressed oops)
Heap:
 PSYoungGen      total 181248K, used 14377K [0x00000000d6200000, 0x00000000e3200000, 0x0000000100000000)
  eden space 175104K, 4% used [0x00000000d6200000,0x00000000d6a3c4d8,0x00000000e0d00000)
  from space 6144K, 96% used [0x00000000e1400000,0x00000000e19ce060,0x00000000e1a00000)
  to   space 18944K, 0% used [0x00000000e1f80000,0x00000000e1f80000,0x00000000e3200000)
 ParOldGen       total 65024K, used 12241K [0x0000000082600000, 0x0000000086580000, 0x00000000d6200000)
  object space 65024K, 18% used [0x0000000082600000,0x00000000831f47b0,0x0000000086580000)
 Metaspace       used 20131K, capacity 20348K, committed 20608K, reserved 1067008K
  class space    used 2334K, capacity 2404K, committed 2432K, reserved 1048576K
GC Heap History (10 events):
Event: 6.883 GC heap before
{Heap before GC invocations=4 (full 1):
 PSYoungGen      total 70656K, used 64869K [0x00000000d6200000, 0x00000000dac00000, 0x0000000100000000)
  eden space 65536K, 98% used [0x00000000d6200000,0x00000000da1594b8,0x00000000da200000)
  from space 5120K, 0% used [0x00000000da700000,0x00000000da700000,0x00000000dac00000)
  to   space 5120K, 0% used [0x00000000da200000,0x00000000da200000,0x00000000da700000)
 ParOldGen       total 65024K, used 11309K [0x0000000082600000, 0x0000000086580000, 0x00000000d6200000)
  object space 65024K, 17% used [0x0000000082600000,0x000000008310b7a0,0x0000000086580000)
 Metaspace       used 19354K, capacity 19536K, committed 19840K, reserved 1067008K
  class space    used 2282K, capacity 2372K, committed 2432K, reserved 1048576K
Event: 6.886 GC heap after
Heap after GC invocations=4 (full 1):
 PSYoungGen      total 70656K, used 4788K [0x00000000d6200000, 0x00000000ddd80000, 0x0000000100000000)
  eden space 65536K, 0% used [0x00000000d6200000,0x00000000d6200000,0x00000000da200000)
  from space 5120K, 93% used [0x00000000da200000,0x00000000da6ad050,0x00000000da700000)
  to   space 5120K, 0% used [0x00000000dd880000,0x00000000dd880000,0x00000000ddd80000)
 ParOldGen       total 65024K, used 12209K [0x0000000082600000, 0x0000000086580000, 0x00000000d6200000)
  object space 65024K, 18% used [0x0000000082600000,0x00000000831ec7b0,0x0000000086580000)
 Metaspace       used 19354K, capacity 19536K, committed 19840K, reserved 1067008K
  class space    used 2282K, capacity 2372K, committed 2432K, reserved 1048576K
}
Event: 9.251 GC heap before
{Heap before GC invocations=5 (full 1):
 PSYoungGen      total 70656K, used 69981K [0x00000000d6200000, 0x00000000ddd80000, 0x0000000100000000)
  eden space 65536K, 99% used [0x00000000d6200000,0x00000000da1aa468,0x00000000da200000)
  from space 5120K, 93% used [0x00000000da200000,0x00000000da6ad050,0x00000000da700000)
  to   space 5120K, 0% used [0x00000000dd880000,0x00000000dd880000,0x00000000ddd80000)
 ParOldGen       total 65024K, used 12209K [0x0000000082600000, 0x0000000086580000, 0x00000000d6200000)
  object space 65024K, 18% used [0x0000000082600000,0x00000000831ec7b0,0x0000000086580000)
 Metaspace       used 19372K, capacity 19536K, committed 19840K, reserved 1067008K
  class space    used 2282K, capacity 2372K, committed 2432K, reserved 1048576K
Event: 9.253 GC heap after
Heap after GC invocations=5 (full 1):
 PSYoungGen      total 115712K, used 2828K [0x00000000d6200000, 0x00000000ddb80000, 0x0000000100000000)
  eden space 112640K, 0% used [0x00000000d6200000,0x00000000d6200000,0x00000000dd000000)
  from space 3072K, 92% used [0x00000000dd880000,0x00000000ddb43030,0x00000000ddb80000)
  to   space 5120K, 0% used [0x00000000dd180000,0x00000000dd180000,0x00000000dd680000)
 ParOldGen       total 65024K, used 12217K [0x0000000082600000, 0x0000000086580000, 0x00000000d6200000)
  object space 65024K, 18% used [0x0000000082600000,0x00000000831ee7b0,0x0000000086580000)
 Metaspace       used 19372K, capacity 19536K, committed 19840K, reserved 1067008K
  class space    used 2282K, capacity 2372K, committed 2432K, reserved 1048576K
}
Event: 13.252 GC heap before
{Heap before GC invocations=6 (full 1):
 PSYoungGen      total 115712K, used 114754K [0x00000000d6200000, 0x00000000ddb80000, 0x0000000100000000)
  eden space 112640K, 99% used [0x00000000d6200000,0x00000000dcf4d9f0,0x00000000dd000000)
  from space 3072K, 92% used [0x00000000dd880000,0x00000000ddb43030,0x00000000ddb80000)
  to   space 5120K, 0% used [0x00000000dd180000,0x00000000dd180000,0x00000000dd680000)
 ParOldGen       total 65024K, used 12217K [0x0000000082600000, 0x0000000086580000, 0x00000000d6200000)
  object space 65024K, 18% used [0x0000000082600000,0x00000000831ee7b0,0x0000000086580000)
 Metaspace       used 19504K, capacity 19676K, committed 19840K, reserved 1067008K
  class space    used 2283K, capacity 2372K, committed 2432K, reserved 1048576K
Event: 13.255 GC heap after
Heap after GC invocations=6 (full 1):
 PSYoungGen      total 119296K, used 3052K [0x00000000d6200000, 0x00000000e4180000, 0x0000000100000000)
  eden space 114176K, 0% used [0x00000000d6200000,0x00000000d6200000,0x00000000dd180000)
  from space 5120K, 59% used [0x00000000dd180000,0x00000000dd47b030,0x00000000dd680000)
  to   space 20992K, 0% used [0x00000000e2d00000,0x00000000e2d00000,0x00000000e4180000)
 ParOldGen       total 65024K, used 12225K [0x0000000082600000, 0x0000000086580000, 0x00000000d6200000)
  object space 65024K, 18% used [0x0000000082600000,0x00000000831f07b0,0x0000000086580000)
 Metaspace       used 19504K, capacity 19676K, committed 19840K, reserved 1067008K
  class space    used 2283K, capacity 2372K, committed 2432K, reserved 1048576K
}
Event: 17.267 GC heap before
{Heap before GC invocations=7 (full 1):
 PSYoungGen      total 119296K, used 116476K [0x00000000d6200000, 0x00000000e4180000, 0x0000000100000000)
  eden space 114176K, 99% used [0x00000000d6200000,0x00000000dd0c4090,0x00000000dd180000)
  from space 5120K, 59% used [0x00000000dd180000,0x00000000dd47b030,0x00000000dd680000)
  to   space 20992K, 0% used [0x00000000e2d00000,0x00000000e2d00000,0x00000000e4180000)
 ParOldGen       total 65024K, used 12225K [0x0000000082600000, 0x0000000086580000, 0x00000000d6200000)
  object space 65024K, 18% used [0x0000000082600000,0x00000000831f07b0,0x0000000086580000)
 Metaspace       used 19828K, capacity 20028K, committed 20096K, reserved 1067008K
  class space    used 2314K, capacity 2404K, committed 2432K, reserved 1048576K
Event: 17.269 GC heap after
Heap after GC invocations=7 (full 1):
 PSYoungGen      total 197632K, used 3020K [0x00000000d6200000, 0x00000000e3c00000, 0x0000000100000000)
  eden space 182272K, 0% used [0x00000000d6200000,0x00000000d6200000,0x00000000e1400000)
  from space 15360K, 19% used [0x00000000e2d00000,0x00000000e2ff3030,0x00000000e3c00000)
  to   space 20480K, 0% used [0x00000000e1400000,0x00000000e1400000,0x00000000e2800000)
 ParOldGen       total 65024K, used 12233K [0x0000000082600000, 0x0000000086580000, 0x00000000d6200000)
  object space 65024K, 18% used [0x0000000082600000,0x00000000831f27b0,0x0000000086580000)
 Metaspace       used 19828K, capacity 20028K, committed 20096K, reserved 1067008K
  class space    used 2314K, capacity 2404K, committed 2432K, reserved 1048576K
}
Event: 21.354 GC heap before
{Heap before GC invocations=8 (full 1):
 PSYoungGen      total 197632K, used 185292K [0x00000000d6200000, 0x00000000e3c00000, 0x0000000100000000)
  eden space 182272K, 100% used [0x00000000d6200000,0x00000000e1400000,0x00000000e1400000)
  from space 15360K, 19% used [0x00000000e2d00000,0x00000000e2ff3030,0x00000000e3c00000)
  to   space 20480K, 0% used [0x00000000e1400000,0x00000000e1400000,0x00000000e2800000)
 ParOldGen       total 65024K, used 12233K [0x0000000082600000, 0x0000000086580000, 0x00000000d6200000)
  object space 65024K, 18% used [0x0000000082600000,0x00000000831f27b0,0x0000000086580000)
 Metaspace       used 20128K, capacity 20348K, committed 20608K, reserved 1067008K
  class space    used 2334K, capacity 2404K, committed 2432K, reserved 1048576K
Event: 21.357 GC heap after
Heap after GC invocations=8 (full 1):
 PSYoungGen      total 181248K, used 5944K [0x00000000d6200000, 0x00000000e3200000, 0x0000000100000000)
  eden space 175104K, 0% used [0x00000000d6200000,0x00000000d6200000,0x00000000e0d00000)
  from space 6144K, 96% used [0x00000000e1400000,0x00000000e19ce060,0x00000000e1a00000)
  to   space 18944K, 0% used [0x00000000e1f80000,0x00000000e1f80000,0x00000000e3200000)
 ParOldGen       total 65024K, used 12241K [0x0000000082600000, 0x0000000086580000, 0x00000000d6200000)
  object space 65024K, 18% used [0x0000000082600000,0x00000000831f47b0,0x0000000086580000)
 Metaspace       used 20128K, capacity 20348K, committed 20608K, reserved 1067008K
  class space    used 2334K, capacity 2404K, committed 2432K, reserved 1048576K
}

