# JRE version: Java(TM) SE Runtime Environment (8.0_171-b11) (build 1.8.0_171-b11)
# Java VM: Java HotSpot(TM) 64-Bit Server VM (25.171-b11 mixed mode windows-amd64 compressed oops)
Heap:
 PSYoungGen      total 60416K, used 40637K [0x00000000d6200000, 0x00000000da900000, 0x0000000100000000)
  eden space 48128K, 84% used [0x00000000d6200000,0x00000000d89af440,0x00000000d9100000)
  from space 12288K, 0% used [0x00000000d9d00000,0x00000000d9d00000,0x00000000da900000)
  to   space 12288K, 0% used [0x00000000d9100000,0x00000000d9100000,0x00000000d9d00000)
 ParOldGen       total 51712K, used 9184K [0x0000000082600000, 0x0000000085880000, 0x00000000d6200000)
  object space 51712K, 17% used [0x0000000082600000,0x0000000082ef8110,0x0000000085880000)
 Metaspace       used 22836K, capacity 23160K, committed 23296K, reserved 1069056K
  class space    used 2707K, capacity 2803K, committed 2816K, reserved 1048576K
GC Heap History (10 events):
Event: 25.681 GC heap before
{Heap before GC invocations=23 (full 0):
 PSYoungGen      total 45568K, used 40908K [0x00000000d6200000, 0x00000000d9800000, 0x0000000100000000)
  eden space 37888K, 100% used [0x00000000d6200000,0x00000000d8700000,0x00000000d8700000)
  from space 7680K, 39% used [0x00000000d9080000,0x00000000d9373030,0x00000000d9800000)
  to   space 8704K, 0% used [0x00000000d8700000,0x00000000d8700000,0x00000000d8f80000)
 ParOldGen       total 86016K, used 23983K [0x0000000082600000, 0x0000000087a00000, 0x00000000d6200000)
  object space 86016K, 27% used [0x0000000082600000,0x0000000083d6bd10,0x0000000087a00000)
 Metaspace       used 20268K, capacity 20428K, committed 20608K, reserved 1067008K
  class space    used 2344K, capacity 2407K, committed 2432K, reserved 1048576K
Event: 25.684 GC heap after
Heap after GC invocations=23 (full 0):
 PSYoungGen      total 40448K, used 3052K [0x00000000d6200000, 0x00000000d9680000, 0x0000000100000000)
  eden space 37376K, 0% used [0x00000000d6200000,0x00000000d6200000,0x00000000d8680000)
  from space 3072K, 99% used [0x00000000d8700000,0x00000000d89fb030,0x00000000d8a00000)
  to   space 8192K, 0% used [0x00000000d8e80000,0x00000000d8e80000,0x00000000d9680000)
 ParOldGen       total 86016K, used 24023K [0x0000000082600000, 0x0000000087a00000, 0x00000000d6200000)
  object space 86016K, 27% used [0x0000000082600000,0x0000000083d75d10,0x0000000087a00000)
 Metaspace       used 20268K, capacity 20428K, committed 20608K, reserved 1067008K
  class space    used 2344K, capacity 2407K, committed 2432K, reserved 1048576K
}
Event: 26.337 GC heap before
{Heap before GC invocations=24 (full 0):
 PSYoungGen      total 40448K, used 40249K [0x00000000d6200000, 0x00000000d9680000, 0x0000000100000000)
  eden space 37376K, 99% used [0x00000000d6200000,0x00000000d8653798,0x00000000d8680000)
  from space 3072K, 99% used [0x00000000d8700000,0x00000000d89fb030,0x00000000d8a00000)
  to   space 8192K, 0% used [0x00000000d8e80000,0x00000000d8e80000,0x00000000d9680000)
 ParOldGen       total 86016K, used 24023K [0x0000000082600000, 0x0000000087a00000, 0x00000000d6200000)
  object space 86016K, 27% used [0x0000000082600000,0x0000000083d75d10,0x0000000087a00000)
 Metaspace       used 20482K, capacity 20652K, committed 20992K, reserved 1067008K
  class space    used 2374K, capacity 2439K, committed 2560K, reserved 1048576K
Event: 26.340 GC heap after
Heap after GC invocations=24 (full 0):
 PSYoungGen      total 44544K, used 3052K [0x00000000d6200000, 0x00000000d9600000, 0x0000000100000000)
  eden space 36864K, 0% used [0x00000000d6200000,0x00000000d6200000,0x00000000d8600000)
  from space 7680K, 39% used [0x00000000d8e80000,0x00000000d917b030,0x00000000d9600000)
  to   space 8192K, 0% used [0x00000000d8600000,0x00000000d8600000,0x00000000d8e00000)
 ParOldGen       total 86016K, used 24087K [0x0000000082600000, 0x0000000087a00000, 0x00000000d6200000)
  object space 86016K, 28% used [0x0000000082600000,0x0000000083d85d10,0x0000000087a00000)
 Metaspace       used 20482K, capacity 20652K, committed 20992K, reserved 1067008K
  class space    used 2374K, capacity 2439K, committed 2560K, reserved 1048576K
}
Event: 26.898 GC heap before
{Heap before GC invocations=25 (full 0):
 PSYoungGen      total 44544K, used 39894K [0x00000000d6200000, 0x00000000d9600000, 0x0000000100000000)
  eden space 36864K, 99% used [0x00000000d6200000,0x00000000d85faa48,0x00000000d8600000)
  from space 7680K, 39% used [0x00000000d8e80000,0x00000000d917b030,0x00000000d9600000)
  to   space 8192K, 0% used [0x00000000d8600000,0x00000000d8600000,0x00000000d8e00000)
 ParOldGen       total 86016K, used 24087K [0x0000000082600000, 0x0000000087a00000, 0x00000000d6200000)
  object space 86016K, 28% used [0x0000000082600000,0x0000000083d85d10,0x0000000087a00000)
 Metaspace       used 20869K, capacity 21100K, committed 21248K, reserved 1069056K
  class space    used 2421K, capacity 2503K, committed 2560K, reserved 1048576K
Event: 26.922 GC heap after
Heap after GC invocations=25 (full 0):
 PSYoungGen      total 45056K, used 8172K [0x00000000d6200000, 0x00000000da900000, 0x0000000100000000)
  eden space 36864K, 0% used [0x00000000d6200000,0x00000000d6200000,0x00000000d8600000)
  from space 8192K, 99% used [0x00000000d8600000,0x00000000d8dfb030,0x00000000d8e00000)
  to   space 12288K, 0% used [0x00000000d9d00000,0x00000000d9d00000,0x00000000da900000)
 ParOldGen       total 86016K, used 32960K [0x0000000082600000, 0x0000000087a00000, 0x00000000d6200000)
  object space 86016K, 38% used [0x0000000082600000,0x00000000846301f8,0x0000000087a00000)
 Metaspace       used 20869K, capacity 21100K, committed 21248K, reserved 1069056K
  class space    used 2421K, capacity 2503K, committed 2560K, reserved 1048576K
}
Event: 26.966 GC heap before
{Heap before GC invocations=26 (full 0):
 PSYoungGen      total 45056K, used 11958K [0x00000000d6200000, 0x00000000da900000, 0x0000000100000000)
  eden space 36864K, 10% used [0x00000000d6200000,0x00000000d65b27d8,0x00000000d8600000)
  from space 8192K, 99% used [0x00000000d8600000,0x00000000d8dfb030,0x00000000d8e00000)
  to   space 12288K, 0% used [0x00000000d9d00000,0x00000000d9d00000,0x00000000da900000)
 ParOldGen       total 86016K, used 32960K [0x0000000082600000, 0x0000000087a00000, 0x00000000d6200000)
  object space 86016K, 38% used [0x0000000082600000,0x00000000846301f8,0x0000000087a00000)
 Metaspace       used 20896K, capacity 21100K, committed 21248K, reserved 1069056K
  class space    used 2422K, capacity 2503K, committed 2560K, reserved 1048576K
Event: 26.974 GC heap after
Heap after GC invocations=26 (full 0):
 PSYoungGen      total 60416K, used 6556K [0x00000000d6200000, 0x00000000da900000, 0x0000000100000000)
  eden space 48128K, 0% used [0x00000000d6200000,0x00000000d6200000,0x00000000d9100000)
  from space 12288K, 53% used [0x00000000d9d00000,0x00000000da367070,0x00000000da900000)
  to   space 12288K, 0% used [0x00000000d9100000,0x00000000d9100000,0x00000000d9d00000)
 ParOldGen       total 86016K, used 33032K [0x0000000082600000, 0x0000000087a00000, 0x00000000d6200000)
  object space 86016K, 38% used [0x0000000082600000,0x00000000846421f8,0x0000000087a00000)
 Metaspace       used 20896K, capacity 21100K, committed 21248K, reserved 1069056K
  class space    used 2422K, capacity 2503K, committed 2560K, reserved 1048576K
}
Event: 26.974 GC heap before
{Heap before GC invocations=27 (full 1):
 PSYoungGen      total 60416K, used 6556K [0x00000000d6200000, 0x00000000da900000, 0x0000000100000000)
  eden space 48128K, 0% used [0x00000000d6200000,0x00000000d6200000,0x00000000d9100000)
  from space 12288K, 53% used [0x00000000d9d00000,0x00000000da367070,0x00000000da900000)
  to   space 12288K, 0% used [0x00000000d9100000,0x00000000d9100000,0x00000000d9d00000)
 ParOldGen       total 86016K, used 33032K [0x0000000082600000, 0x0000000087a00000, 0x00000000d6200000)
  object space 86016K, 38% used [0x0000000082600000,0x00000000846421f8,0x0000000087a00000)
 Metaspace       used 20896K, capacity 21100K, committed 21248K, reserved 1069056K
  class space    used 2422K, capacity 2503K, committed 2560K, reserved 1048576K
Event: 27.079 GC heap after
Heap after GC invocations=27 (full 1):
 PSYoungGen      total 60416K, used 0K [0x00000000d6200000, 0x00000000da900000, 0x0000000100000000)
  eden space 48128K, 0% used [0x00000000d6200000,0x00000000d6200000,0x00000000d9100000)
  from space 12288K, 0% used [0x00000000d9d00000,0x00000000d9d00000,0x00000000da900000)
  to   space 12288K, 0% used [0x00000000d9100000,0x00000000d9100000,0x00000000d9d00000)
 ParOldGen       total 51712K, used 9184K [0x0000000082600000, 0x0000000085880000, 0x00000000d6200000)
  object space 51712K, 17% used [0x0000000082600000,0x0000000082ef8110,0x0000000085880000)
 Metaspace       used 20896K, capacity 21100K, committed 21248K, reserved 1069056K
  class space    used 2422K, capacity 2503K, committed 2560K, reserved 1048576K
}

