# JRE version: Java(TM) SE Runtime Environment (8.0_171-b11) (build 1.8.0_171-b11)
# Java VM: Java HotSpot(TM) 64-Bit Server VM (25.171-b11 mixed mode windows-amd64 compressed oops)
Heap:
 PSYoungGen      total 51200K, used 29258K [0x00000000d6200000, 0x00000000dad00000, 0x0000000100000000)
  eden space 43008K, 68% used [0x00000000d6200000,0x00000000d7e92a58,0x00000000d8c00000)
  from space 8192K, 0% used [0x00000000d8c00000,0x00000000d8c00000,0x00000000d9400000)
  to   space 8192K, 0% used [0x00000000da500000,0x00000000da500000,0x00000000dad00000)
 ParOldGen       total 54784K, used 8674K [0x0000000082600000, 0x0000000085b80000, 0x00000000d6200000)
  object space 54784K, 15% used [0x0000000082600000,0x0000000082e78b58,0x0000000085b80000)
 Metaspace       used 22256K, capacity 22598K, committed 22784K, reserved 1069056K
  class space    used 2648K, capacity 2768K, committed 2816K, reserved 1048576K
GC Heap History (10 events):
Event: 16.572 GC heap before
{Heap before GC invocations=16 (full 0):
 PSYoungGen      total 37376K, used 31117K [0x00000000d6200000, 0x00000000da000000, 0x0000000100000000)
  eden space 28160K, 99% used [0x00000000d6200000,0x00000000d7d705e8,0x00000000d7d80000)
  from space 9216K, 32% used [0x00000000d7d80000,0x00000000d8073030,0x00000000d8680000)
  to   space 9216K, 0% used [0x00000000d9700000,0x00000000d9700000,0x00000000da000000)
 ParOldGen       total 86016K, used 16846K [0x0000000082600000, 0x0000000087a00000, 0x00000000d6200000)
  object space 86016K, 19% used [0x0000000082600000,0x0000000083673940,0x0000000087a00000)
 Metaspace       used 19590K, capacity 19758K, committed 20096K, reserved 1067008K
  class space    used 2280K, capacity 2338K, committed 2432K, reserved 1048576K
Event: 16.577 GC heap after
Heap after GC invocations=16 (full 0):
 PSYoungGen      total 53248K, used 3052K [0x00000000d6200000, 0x00000000d9f00000, 0x0000000100000000)
  eden space 45056K, 0% used [0x00000000d6200000,0x00000000d6200000,0x00000000d8e00000)
  from space 8192K, 37% used [0x00000000d9700000,0x00000000d99fb030,0x00000000d9f00000)
  to   space 8704K, 0% used [0x00000000d8e00000,0x00000000d8e00000,0x00000000d9680000)
 ParOldGen       total 86016K, used 16870K [0x0000000082600000, 0x0000000087a00000, 0x00000000d6200000)
  object space 86016K, 19% used [0x0000000082600000,0x0000000083679940,0x0000000087a00000)
 Metaspace       used 19590K, capacity 19758K, committed 20096K, reserved 1067008K
  class space    used 2280K, capacity 2338K, committed 2432K, reserved 1048576K
}
Event: 17.284 GC heap before
{Heap before GC invocations=17 (full 0):
 PSYoungGen      total 53248K, used 48108K [0x00000000d6200000, 0x00000000d9f00000, 0x0000000100000000)
  eden space 45056K, 100% used [0x00000000d6200000,0x00000000d8e00000,0x00000000d8e00000)
  from space 8192K, 37% used [0x00000000d9700000,0x00000000d99fb030,0x00000000d9f00000)
  to   space 8704K, 0% used [0x00000000d8e00000,0x00000000d8e00000,0x00000000d9680000)
 ParOldGen       total 86016K, used 16870K [0x0000000082600000, 0x0000000087a00000, 0x00000000d6200000)
  object space 86016K, 19% used [0x0000000082600000,0x0000000083679940,0x0000000087a00000)
 Metaspace       used 19596K, capacity 19758K, committed 20096K, reserved 1067008K
  class space    used 2280K, capacity 2338K, committed 2432K, reserved 1048576K
Event: 17.287 GC heap after
Heap after GC invocations=17 (full 0):
 PSYoungGen      total 47104K, used 3052K [0x00000000d6200000, 0x00000000d9e00000, 0x0000000100000000)
  eden space 44032K, 0% used [0x00000000d6200000,0x00000000d6200000,0x00000000d8d00000)
  from space 3072K, 99% used [0x00000000d8e00000,0x00000000d90fb030,0x00000000d9100000)
  to   space 8704K, 0% used [0x00000000d9580000,0x00000000d9580000,0x00000000d9e00000)
 ParOldGen       total 86016K, used 16934K [0x0000000082600000, 0x0000000087a00000, 0x00000000d6200000)
  object space 86016K, 19% used [0x0000000082600000,0x0000000083689940,0x0000000087a00000)
 Metaspace       used 19596K, capacity 19758K, committed 20096K, reserved 1067008K
  class space    used 2280K, capacity 2338K, committed 2432K, reserved 1048576K
}
Event: 17.928 GC heap before
{Heap before GC invocations=18 (full 0):
 PSYoungGen      total 47104K, used 47084K [0x00000000d6200000, 0x00000000d9e00000, 0x0000000100000000)
  eden space 44032K, 100% used [0x00000000d6200000,0x00000000d8d00000,0x00000000d8d00000)
  from space 3072K, 99% used [0x00000000d8e00000,0x00000000d90fb030,0x00000000d9100000)
  to   space 8704K, 0% used [0x00000000d9580000,0x00000000d9580000,0x00000000d9e00000)
 ParOldGen       total 86016K, used 16934K [0x0000000082600000, 0x0000000087a00000, 0x00000000d6200000)
  object space 86016K, 19% used [0x0000000082600000,0x0000000083689940,0x0000000087a00000)
 Metaspace       used 20232K, capacity 20430K, committed 20736K, reserved 1067008K
  class space    used 2358K, capacity 2434K, committed 2560K, reserved 1048576K
Event: 17.932 GC heap after
Heap after GC invocations=18 (full 0):
 PSYoungGen      total 49664K, used 3116K [0x00000000d6200000, 0x00000000d9c00000, 0x0000000100000000)
  eden space 43008K, 0% used [0x00000000d6200000,0x00000000d6200000,0x00000000d8c00000)
  from space 6656K, 46% used [0x00000000d9580000,0x00000000d988b030,0x00000000d9c00000)
  to   space 8192K, 0% used [0x00000000d8c00000,0x00000000d8c00000,0x00000000d9400000)
 ParOldGen       total 86016K, used 16990K [0x0000000082600000, 0x0000000087a00000, 0x00000000d6200000)
  object space 86016K, 19% used [0x0000000082600000,0x0000000083697940,0x0000000087a00000)
 Metaspace       used 20232K, capacity 20430K, committed 20736K, reserved 1067008K
  class space    used 2358K, capacity 2434K, committed 2560K, reserved 1048576K
}
Event: 18.208 GC heap before
{Heap before GC invocations=19 (full 0):
 PSYoungGen      total 49664K, used 14999K [0x00000000d6200000, 0x00000000d9c00000, 0x0000000100000000)
  eden space 43008K, 27% used [0x00000000d6200000,0x00000000d6d9ace8,0x00000000d8c00000)
  from space 6656K, 46% used [0x00000000d9580000,0x00000000d988b030,0x00000000d9c00000)
  to   space 8192K, 0% used [0x00000000d8c00000,0x00000000d8c00000,0x00000000d9400000)
 ParOldGen       total 86016K, used 16990K [0x0000000082600000, 0x0000000087a00000, 0x00000000d6200000)
  object space 86016K, 19% used [0x0000000082600000,0x0000000083697940,0x0000000087a00000)
 Metaspace       used 20906K, capacity 21150K, committed 21248K, reserved 1069056K
  class space    used 2434K, capacity 2524K, committed 2560K, reserved 1048576K
Event: 18.214 GC heap after
Heap after GC invocations=19 (full 0):
 PSYoungGen      total 51200K, used 3554K [0x00000000d6200000, 0x00000000dad00000, 0x0000000100000000)
  eden space 43008K, 0% used [0x00000000d6200000,0x00000000d6200000,0x00000000d8c00000)
  from space 8192K, 43% used [0x00000000d8c00000,0x00000000d8f78840,0x00000000d9400000)
  to   space 8192K, 0% used [0x00000000da500000,0x00000000da500000,0x00000000dad00000)
 ParOldGen       total 86016K, used 17153K [0x0000000082600000, 0x0000000087a00000, 0x00000000d6200000)
  object space 86016K, 19% used [0x0000000082600000,0x00000000836c0780,0x0000000087a00000)
 Metaspace       used 20906K, capacity 21150K, committed 21248K, reserved 1069056K
  class space    used 2434K, capacity 2524K, committed 2560K, reserved 1048576K
}
Event: 18.214 GC heap before
{Heap before GC invocations=20 (full 1):
 PSYoungGen      total 51200K, used 3554K [0x00000000d6200000, 0x00000000dad00000, 0x0000000100000000)
  eden space 43008K, 0% used [0x00000000d6200000,0x00000000d6200000,0x00000000d8c00000)
  from space 8192K, 43% used [0x00000000d8c00000,0x00000000d8f78840,0x00000000d9400000)
  to   space 8192K, 0% used [0x00000000da500000,0x00000000da500000,0x00000000dad00000)
 ParOldGen       total 86016K, used 17153K [0x0000000082600000, 0x0000000087a00000, 0x00000000d6200000)
  object space 86016K, 19% used [0x0000000082600000,0x00000000836c0780,0x0000000087a00000)
 Metaspace       used 20906K, capacity 21150K, committed 21248K, reserved 1069056K
  class space    used 2434K, capacity 2524K, committed 2560K, reserved 1048576K
Event: 18.292 GC heap after
Heap after GC invocations=20 (full 1):
 PSYoungGen      total 51200K, used 0K [0x00000000d6200000, 0x00000000dad00000, 0x0000000100000000)
  eden space 43008K, 0% used [0x00000000d6200000,0x00000000d6200000,0x00000000d8c00000)
  from space 8192K, 0% used [0x00000000d8c00000,0x00000000d8c00000,0x00000000d9400000)
  to   space 8192K, 0% used [0x00000000da500000,0x00000000da500000,0x00000000dad00000)
 ParOldGen       total 54784K, used 8674K [0x0000000082600000, 0x0000000085b80000, 0x00000000d6200000)
  object space 54784K, 15% used [0x0000000082600000,0x0000000082e78b58,0x0000000085b80000)
 Metaspace       used 20906K, capacity 21150K, committed 21248K, reserved 1069056K
  class space    used 2434K, capacity 2524K, committed 2560K, reserved 1048576K
}

